mode: set
github.com/Meta-Protocol/metacore/x/metacore/keeper/grpc_query_last_meta_height.go:12.138,13.16 1 0
github.com/Meta-Protocol/metacore/x/metacore/keeper/grpc_query_last_meta_height.go:17.2,21.8 2 0
github.com/Meta-Protocol/metacore/x/metacore/keeper/grpc_query_last_meta_height.go:13.16,15.3 1 0
github.com/Meta-Protocol/metacore/x/metacore/keeper/grpc_query_txin_voter.go:14.128,15.16 1 1
github.com/Meta-Protocol/metacore/x/metacore/keeper/grpc_query_txin_voter.go:19.2,25.102 5 1
github.com/Meta-Protocol/metacore/x/metacore/keeper/grpc_query_txin_voter.go:35.2,35.16 1 1
github.com/Meta-Protocol/metacore/x/metacore/keeper/grpc_query_txin_voter.go:39.2,39.90 1 1
github.com/Meta-Protocol/metacore/x/metacore/keeper/grpc_query_txin_voter.go:15.16,17.3 1 1
github.com/Meta-Protocol/metacore/x/metacore/keeper/grpc_query_txin_voter.go:25.102,27.70 2 1
github.com/Meta-Protocol/metacore/x/metacore/keeper/grpc_query_txin_voter.go:31.3,32.13 2 1
github.com/Meta-Protocol/metacore/x/metacore/keeper/grpc_query_txin_voter.go:27.70,29.4 1 0
github.com/Meta-Protocol/metacore/x/metacore/keeper/grpc_query_txin_voter.go:35.16,37.3 1 0
github.com/Meta-Protocol/metacore/x/metacore/keeper/grpc_query_txin_voter.go:42.125,43.16 1 1
github.com/Meta-Protocol/metacore/x/metacore/keeper/grpc_query_txin_voter.go:46.2,49.12 3 1
github.com/Meta-Protocol/metacore/x/metacore/keeper/grpc_query_txin_voter.go:53.2,53.63 1 1
github.com/Meta-Protocol/metacore/x/metacore/keeper/grpc_query_txin_voter.go:43.16,45.3 1 1
github.com/Meta-Protocol/metacore/x/metacore/keeper/grpc_query_txin_voter.go:49.12,51.3 1 1
github.com/Meta-Protocol/metacore/x/metacore/keeper/msg_server.go:13.54,15.2 1 1
github.com/Meta-Protocol/metacore/x/metacore/keeper/msg_server_txin_voter.go:12.133,17.13 3 1
github.com/Meta-Protocol/metacore/x/metacore/keeper/msg_server_txin_voter.go:21.2,40.49 3 1
github.com/Meta-Protocol/metacore/x/metacore/keeper/msg_server_txin_voter.go:17.13,19.3 1 0
github.com/Meta-Protocol/metacore/x/metacore/keeper/txin.go:10.59,14.2 3 1
github.com/Meta-Protocol/metacore/x/metacore/keeper/txin.go:17.85,21.14 3 1
github.com/Meta-Protocol/metacore/x/metacore/keeper/txin.go:25.2,26.18 2 1
github.com/Meta-Protocol/metacore/x/metacore/keeper/txin.go:21.14,23.3 1 1
github.com/Meta-Protocol/metacore/x/metacore/keeper/txin.go:30.59,33.2 2 1
github.com/Meta-Protocol/metacore/x/metacore/keeper/txin.go:36.65,42.42 4 1
github.com/Meta-Protocol/metacore/x/metacore/keeper/txin.go:48.2,48.8 1 1
github.com/Meta-Protocol/metacore/x/metacore/keeper/txin.go:42.42,46.3 3 1
github.com/Meta-Protocol/metacore/x/metacore/keeper/txin_voter.go:10.74,14.2 3 1
github.com/Meta-Protocol/metacore/x/metacore/keeper/txin_voter.go:17.95,21.14 3 1
github.com/Meta-Protocol/metacore/x/metacore/keeper/txin_voter.go:25.2,26.18 2 1
github.com/Meta-Protocol/metacore/x/metacore/keeper/txin_voter.go:21.14,23.3 1 1
github.com/Meta-Protocol/metacore/x/metacore/keeper/txin_voter.go:30.64,33.2 2 1
github.com/Meta-Protocol/metacore/x/metacore/keeper/txin_voter.go:36.75,42.42 4 1
github.com/Meta-Protocol/metacore/x/metacore/keeper/txin_voter.go:48.2,48.8 1 1
github.com/Meta-Protocol/metacore/x/metacore/keeper/txin_voter.go:42.42,46.3 3 1
github.com/Meta-Protocol/metacore/x/metacore/keeper/grpc_query_txin.go:14.113,15.16 1 1
github.com/Meta-Protocol/metacore/x/metacore/keeper/grpc_query_txin.go:19.2,25.97 5 1
github.com/Meta-Protocol/metacore/x/metacore/keeper/grpc_query_txin.go:35.2,35.16 1 1
github.com/Meta-Protocol/metacore/x/metacore/keeper/grpc_query_txin.go:39.2,39.75 1 1
github.com/Meta-Protocol/metacore/x/metacore/keeper/grpc_query_txin.go:15.16,17.3 1 1
github.com/Meta-Protocol/metacore/x/metacore/keeper/grpc_query_txin.go:25.97,27.65 2 1
github.com/Meta-Protocol/metacore/x/metacore/keeper/grpc_query_txin.go:31.3,32.13 2 1
github.com/Meta-Protocol/metacore/x/metacore/keeper/grpc_query_txin.go:27.65,29.4 1 0
github.com/Meta-Protocol/metacore/x/metacore/keeper/grpc_query_txin.go:35.16,37.3 1 0
github.com/Meta-Protocol/metacore/x/metacore/keeper/grpc_query_txin.go:42.110,43.16 1 1
github.com/Meta-Protocol/metacore/x/metacore/keeper/grpc_query_txin.go:46.2,49.12 3 1
github.com/Meta-Protocol/metacore/x/metacore/keeper/grpc_query_txin.go:53.2,53.53 1 1
github.com/Meta-Protocol/metacore/x/metacore/keeper/grpc_query_txin.go:43.16,45.3 1 1
github.com/Meta-Protocol/metacore/x/metacore/keeper/grpc_query_txin.go:49.12,51.3 1 1
github.com/Meta-Protocol/metacore/x/metacore/keeper/keeper.go:30.11,38.2 1 1
github.com/Meta-Protocol/metacore/x/metacore/keeper/keeper.go:40.52,42.2 1 0
github.com/Meta-Protocol/metacore/common/pubkey.go:35.44,36.19 1 1
github.com/Meta-Protocol/metacore/common/pubkey.go:39.2,40.16 2 1
github.com/Meta-Protocol/metacore/common/pubkey.go:43.2,43.25 1 1
github.com/Meta-Protocol/metacore/common/pubkey.go:36.19,38.3 1 0
github.com/Meta-Protocol/metacore/common/pubkey.go:40.16,42.3 1 0
github.com/Meta-Protocol/metacore/common/pubkey.go:47.60,49.16 2 0
github.com/Meta-Protocol/metacore/common/pubkey.go:52.2,53.16 2 0
github.com/Meta-Protocol/metacore/common/pubkey.go:56.2,56.23 1 0
github.com/Meta-Protocol/metacore/common/pubkey.go:49.16,51.3 1 0
github.com/Meta-Protocol/metacore/common/pubkey.go:53.16,55.3 1 0
github.com/Meta-Protocol/metacore/common/pubkey.go:60.50,62.2 1 1
github.com/Meta-Protocol/metacore/common/pubkey.go:65.37,67.2 1 1
github.com/Meta-Protocol/metacore/common/pubkey.go:70.38,72.2 1 1
github.com/Meta-Protocol/metacore/common/pubkey.go:75.63,76.22 1 1
github.com/Meta-Protocol/metacore/common/pubkey.go:79.2,79.15 1 1
github.com/Meta-Protocol/metacore/common/pubkey.go:94.2,94.23 1 0
github.com/Meta-Protocol/metacore/common/pubkey.go:76.22,78.3 1 0
github.com/Meta-Protocol/metacore/common/pubkey.go:80.40,83.17 2 1
github.com/Meta-Protocol/metacore/common/pubkey.go:87.3,88.17 2 1
github.com/Meta-Protocol/metacore/common/pubkey.go:91.3,92.25 2 1
github.com/Meta-Protocol/metacore/common/pubkey.go:83.17,85.4 1 0
github.com/Meta-Protocol/metacore/common/pubkey.go:88.17,90.4 1 0
github.com/Meta-Protocol/metacore/common/pubkey.go:97.66,99.16 2 0
github.com/Meta-Protocol/metacore/common/pubkey.go:102.2,102.51 1 0
github.com/Meta-Protocol/metacore/common/pubkey.go:99.16,101.3 1 0
github.com/Meta-Protocol/metacore/common/pubkey.go:106.52,108.2 1 1
github.com/Meta-Protocol/metacore/common/pubkey.go:111.56,114.16 3 1
github.com/Meta-Protocol/metacore/common/pubkey.go:117.2,118.16 2 1
github.com/Meta-Protocol/metacore/common/pubkey.go:121.2,122.12 2 1
github.com/Meta-Protocol/metacore/common/pubkey.go:114.16,116.3 1 0
github.com/Meta-Protocol/metacore/common/pubkey.go:118.16,120.3 1 0
github.com/Meta-Protocol/metacore/common/pubkey.go:125.34,126.25 1 0
github.com/Meta-Protocol/metacore/common/pubkey.go:131.2,131.12 1 0
github.com/Meta-Protocol/metacore/common/pubkey.go:126.25,127.51 1 0
github.com/Meta-Protocol/metacore/common/pubkey.go:127.51,129.4 1 0
github.com/Meta-Protocol/metacore/common/pubkey.go:134.45,135.24 1 0
github.com/Meta-Protocol/metacore/common/pubkey.go:140.2,140.14 1 0
github.com/Meta-Protocol/metacore/common/pubkey.go:135.24,136.19 1 0
github.com/Meta-Protocol/metacore/common/pubkey.go:136.19,138.4 1 0
github.com/Meta-Protocol/metacore/common/pubkey.go:144.48,145.29 1 1
github.com/Meta-Protocol/metacore/common/pubkey.go:148.2,151.44 3 1
github.com/Meta-Protocol/metacore/common/pubkey.go:154.2,154.42 1 1
github.com/Meta-Protocol/metacore/common/pubkey.go:157.2,157.24 1 1
github.com/Meta-Protocol/metacore/common/pubkey.go:162.2,162.13 1 1
github.com/Meta-Protocol/metacore/common/pubkey.go:145.29,147.3 1 1
github.com/Meta-Protocol/metacore/common/pubkey.go:151.44,153.3 1 1
github.com/Meta-Protocol/metacore/common/pubkey.go:154.42,156.3 1 1
github.com/Meta-Protocol/metacore/common/pubkey.go:157.24,158.33 1 1
github.com/Meta-Protocol/metacore/common/pubkey.go:158.33,160.4 1 0
github.com/Meta-Protocol/metacore/common/pubkey.go:166.36,168.21 2 0
github.com/Meta-Protocol/metacore/common/pubkey.go:171.2,171.33 1 0
github.com/Meta-Protocol/metacore/common/pubkey.go:168.21,170.3 1 0
github.com/Meta-Protocol/metacore/common/pubkey.go:174.39,176.25 2 0
github.com/Meta-Protocol/metacore/common/pubkey.go:179.2,179.19 1 0
github.com/Meta-Protocol/metacore/common/pubkey.go:176.25,178.3 1 0
github.com/Meta-Protocol/metacore/common/pubkey.go:183.64,185.16 2 0
github.com/Meta-Protocol/metacore/common/pubkey.go:188.2,188.38 1 0
github.com/Meta-Protocol/metacore/common/pubkey.go:185.16,187.3 1 0
github.com/Meta-Protocol/metacore/common/address.go:18.50,19.23 1 1
github.com/Meta-Protocol/metacore/common/address.go:24.2,24.31 1 1
github.com/Meta-Protocol/metacore/common/address.go:28.2,28.75 1 1
github.com/Meta-Protocol/metacore/common/address.go:19.23,21.3 1 1
github.com/Meta-Protocol/metacore/common/address.go:24.31,26.3 1 1
github.com/Meta-Protocol/metacore/common/address.go:31.47,32.15 1 1
github.com/Meta-Protocol/metacore/common/address.go:33.16,34.48 1 1
github.com/Meta-Protocol/metacore/common/address.go:35.10,36.15 1 0
github.com/Meta-Protocol/metacore/common/address.go:40.38,41.42 1 0
github.com/Meta-Protocol/metacore/common/address.go:46.2,46.19 1 0
github.com/Meta-Protocol/metacore/common/address.go:41.42,42.26 1 0
github.com/Meta-Protocol/metacore/common/address.go:42.26,44.4 1 0
github.com/Meta-Protocol/metacore/common/address.go:49.58,50.15 1 0
github.com/Meta-Protocol/metacore/common/address.go:54.2,54.16 1 0
github.com/Meta-Protocol/metacore/common/address.go:51.16,52.34 1 0
github.com/Meta-Protocol/metacore/common/address.go:57.61,59.2 1 0
github.com/Meta-Protocol/metacore/common/address.go:61.48,63.2 1 1
github.com/Meta-Protocol/metacore/common/address.go:65.36,67.2 1 1
github.com/Meta-Protocol/metacore/common/address.go:69.37,71.2 1 1
github.com/Meta-Protocol/metacore/common/chain.go:28.33,29.16 1 0
github.com/Meta-Protocol/metacore/common/chain.go:32.2,32.17 1 0
github.com/Meta-Protocol/metacore/common/chain.go:35.2,35.31 1 0
github.com/Meta-Protocol/metacore/common/chain.go:40.2,40.12 1 0
github.com/Meta-Protocol/metacore/common/chain.go:29.16,31.3 1 0
github.com/Meta-Protocol/metacore/common/chain.go:32.17,34.3 1 0
github.com/Meta-Protocol/metacore/common/chain.go:35.31,36.27 1 0
github.com/Meta-Protocol/metacore/common/chain.go:36.27,38.4 1 0
github.com/Meta-Protocol/metacore/common/chain.go:44.46,46.41 2 0
github.com/Meta-Protocol/metacore/common/chain.go:49.2,49.19 1 0
github.com/Meta-Protocol/metacore/common/chain.go:46.41,48.3 1 0
github.com/Meta-Protocol/metacore/common/chain.go:53.38,55.2 1 0
github.com/Meta-Protocol/metacore/common/chain.go:57.35,59.2 1 0
github.com/Meta-Protocol/metacore/common/chain.go:62.31,64.2 1 0
github.com/Meta-Protocol/metacore/common/chain.go:67.32,70.2 1 0
github.com/Meta-Protocol/metacore/common/chain.go:73.44,74.11 1 0
github.com/Meta-Protocol/metacore/common/chain.go:75.40,76.30 1 0
github.com/Meta-Protocol/metacore/common/chain.go:77.10,78.30 1 0
github.com/Meta-Protocol/metacore/common/chain.go:83.40,84.28 1 0
github.com/Meta-Protocol/metacore/common/chain.go:89.2,89.14 1 0
github.com/Meta-Protocol/metacore/common/chain.go:84.28,85.19 1 0
github.com/Meta-Protocol/metacore/common/chain.go:85.19,87.4 1 0
github.com/Meta-Protocol/metacore/common/chain.go:93.40,95.31 2 0
github.com/Meta-Protocol/metacore/common/chain.go:100.2,100.18 1 0
github.com/Meta-Protocol/metacore/common/chain.go:95.31,96.28 1 0
github.com/Meta-Protocol/metacore/common/chain.go:96.28,98.4 1 0
github.com/Meta-Protocol/metacore/common/chain.go:103.41,105.27 2 0
github.com/Meta-Protocol/metacore/common/chain.go:108.2,108.16 1 0
github.com/Meta-Protocol/metacore/common/chain.go:105.27,107.3 1 0
github.com/Meta-Protocol/metacore/common/chain_network.go:21.44,22.52 1 0
github.com/Meta-Protocol/metacore/common/chain_network.go:25.2,25.52 1 0
github.com/Meta-Protocol/metacore/common/chain_network.go:28.2,28.16 1 0
github.com/Meta-Protocol/metacore/common/chain_network.go:22.52,24.3 1 0
github.com/Meta-Protocol/metacore/common/chain_network.go:25.52,27.3 1 0
github.com/Meta-Protocol/metacore/common/chain_network.go:32.60,33.39 1 1
github.com/Meta-Protocol/metacore/common/chain_network.go:36.2,36.39 1 1
github.com/Meta-Protocol/metacore/common/chain_network.go:39.2,39.14 1 1
github.com/Meta-Protocol/metacore/common/chain_network.go:33.39,35.3 1 1
github.com/Meta-Protocol/metacore/common/chain_network.go:36.39,38.3 1 1
github.com/Meta-Protocol/metacore/cmd/metaclientd/keys.go:29.72,35.2 1 1
github.com/Meta-Protocol/metacore/cmd/metaclientd/keys.go:38.105,39.26 1 1
github.com/Meta-Protocol/metacore/cmd/metaclientd/keys.go:42.2,42.24 1 1
github.com/Meta-Protocol/metacore/cmd/metaclientd/keys.go:46.2,53.16 6 1
github.com/Meta-Protocol/metacore/cmd/metaclientd/keys.go:58.2,59.15 2 1
github.com/Meta-Protocol/metacore/cmd/metaclientd/keys.go:62.2,65.16 3 1
github.com/Meta-Protocol/metacore/cmd/metaclientd/keys.go:68.2,68.20 1 1
github.com/Meta-Protocol/metacore/cmd/metaclientd/keys.go:39.26,41.3 1 0
github.com/Meta-Protocol/metacore/cmd/metaclientd/keys.go:42.24,44.3 1 0
github.com/Meta-Protocol/metacore/cmd/metaclientd/keys.go:53.16,55.3 1 0
github.com/Meta-Protocol/metacore/cmd/metaclientd/keys.go:59.15,61.3 1 1
github.com/Meta-Protocol/metacore/cmd/metaclientd/keys.go:65.16,67.3 1 0
github.com/Meta-Protocol/metacore/cmd/metaclientd/keys.go:72.79,74.28 2 1
github.com/Meta-Protocol/metacore/cmd/metaclientd/keys.go:83.2,83.79 1 1
github.com/Meta-Protocol/metacore/cmd/metaclientd/keys.go:74.28,76.17 2 0
github.com/Meta-Protocol/metacore/cmd/metaclientd/keys.go:79.3,79.62 1 0
github.com/Meta-Protocol/metacore/cmd/metaclientd/keys.go:76.17,78.4 1 0
github.com/Meta-Protocol/metacore/cmd/metaclientd/keys.go:87.43,89.16 2 1
github.com/Meta-Protocol/metacore/cmd/metaclientd/keys.go:92.2,92.13 1 1
github.com/Meta-Protocol/metacore/cmd/metaclientd/keys.go:89.16,90.13 1 0
github.com/Meta-Protocol/metacore/cmd/metaclientd/keys.go:96.61,99.16 2 1
github.com/Meta-Protocol/metacore/cmd/metaclientd/keys.go:102.2,103.16 2 1
github.com/Meta-Protocol/metacore/cmd/metaclientd/keys.go:106.2,106.20 1 1
github.com/Meta-Protocol/metacore/cmd/metaclientd/keys.go:99.16,101.3 1 0
github.com/Meta-Protocol/metacore/cmd/metaclientd/keys.go:103.16,105.3 1 0
github.com/Meta-Protocol/metacore/cmd/metaclientd/keys.go:110.43,112.2 1 1
github.com/Meta-Protocol/metacore/cmd/metaclientd/metabridge.go:62.95,80.16 6 0
github.com/Meta-Protocol/metacore/cmd/metaclientd/metabridge.go:85.2,94.8 1 0
github.com/Meta-Protocol/metacore/cmd/metaclientd/metabridge.go:80.16,83.3 2 0
github.com/Meta-Protocol/metacore/cmd/metaclientd/metabridge.go:98.43,105.2 6 0
github.com/Meta-Protocol/metacore/cmd/metaclientd/metabridge.go:108.63,115.2 2 0
github.com/Meta-Protocol/metacore/cmd/metaclientd/metabridge.go:117.87,120.2 2 0
github.com/Meta-Protocol/metacore/cmd/metaclientd/metabridge.go:123.43,125.2 1 0
github.com/Meta-Protocol/metacore/cmd/metaclientd/tx.go:10.217,19.16 4 0
github.com/Meta-Protocol/metacore/cmd/metaclientd/tx.go:23.2,23.24 1 0
github.com/Meta-Protocol/metacore/cmd/metaclientd/tx.go:19.16,22.3 2 0
github.com/Meta-Protocol/metacore/cmd/metaclientd/block_height.go:11.60,17.16 3 0
github.com/Meta-Protocol/metacore/cmd/metaclientd/block_height.go:21.2,22.27 2 0
github.com/Meta-Protocol/metacore/cmd/metaclientd/block_height.go:17.16,19.3 1 0
github.com/Meta-Protocol/metacore/cmd/metaclientd/broadcast.go:18.73,23.16 5 0
github.com/Meta-Protocol/metacore/cmd/metaclientd/broadcast.go:26.2,27.29 2 0
github.com/Meta-Protocol/metacore/cmd/metaclientd/broadcast.go:30.2,41.16 9 0
github.com/Meta-Protocol/metacore/cmd/metaclientd/broadcast.go:44.2,47.16 4 0
github.com/Meta-Protocol/metacore/cmd/metaclientd/broadcast.go:51.2,52.16 2 0
github.com/Meta-Protocol/metacore/cmd/metaclientd/broadcast.go:57.2,58.16 2 0
github.com/Meta-Protocol/metacore/cmd/metaclientd/broadcast.go:62.2,62.21 1 0
github.com/Meta-Protocol/metacore/cmd/metaclientd/broadcast.go:73.2,79.27 4 0
github.com/Meta-Protocol/metacore/cmd/metaclientd/broadcast.go:23.16,25.3 1 0
github.com/Meta-Protocol/metacore/cmd/metaclientd/broadcast.go:27.29,29.3 1 0
github.com/Meta-Protocol/metacore/cmd/metaclientd/broadcast.go:41.16,43.3 1 0
github.com/Meta-Protocol/metacore/cmd/metaclientd/broadcast.go:47.16,49.3 1 0
github.com/Meta-Protocol/metacore/cmd/metaclientd/broadcast.go:52.16,54.3 1 0
github.com/Meta-Protocol/metacore/cmd/metaclientd/broadcast.go:58.16,60.3 1 0
github.com/Meta-Protocol/metacore/cmd/metaclientd/broadcast.go:62.21,63.24 1 0
github.com/Meta-Protocol/metacore/cmd/metaclientd/broadcast.go:70.3,71.113 2 0
github.com/Meta-Protocol/metacore/cmd/metaclientd/broadcast.go:63.24,66.18 2 0
github.com/Meta-Protocol/metacore/cmd/metaclientd/broadcast.go:66.18,68.5 1 0
github.com/Meta-Protocol/metacore/cmd/metaclientd/broadcast.go:83.55,100.49 15 0
github.com/Meta-Protocol/metacore/cmd/metaclientd/broadcast.go:105.2,107.16 3 0
github.com/Meta-Protocol/metacore/cmd/metaclientd/broadcast.go:110.2,111.12 2 0
github.com/Meta-Protocol/metacore/cmd/metaclientd/broadcast.go:100.49,102.3 1 0
github.com/Meta-Protocol/metacore/cmd/metaclientd/broadcast.go:107.16,108.13 1 0
github.com/Meta-Protocol/metacore/x/metacore/client/cli/tx.go:23.32,36.2 3 0
github.com/Meta-Protocol/metacore/x/metacore/client/cli/tx_txin_voter.go:14.42,19.55 1 1
github.com/Meta-Protocol/metacore/x/metacore/client/cli/tx_txin_voter.go:75.2,77.12 2 1
github.com/Meta-Protocol/metacore/x/metacore/client/cli/tx_txin_voter.go:19.55,22.18 3 1
github.com/Meta-Protocol/metacore/x/metacore/client/cli/tx_txin_voter.go:25.4,26.18 2 1
github.com/Meta-Protocol/metacore/x/metacore/client/cli/tx_txin_voter.go:29.4,30.18 2 1
github.com/Meta-Protocol/metacore/x/metacore/client/cli/tx_txin_voter.go:33.4,34.18 2 1
github.com/Meta-Protocol/metacore/x/metacore/client/cli/tx_txin_voter.go:37.4,38.18 2 1
github.com/Meta-Protocol/metacore/x/metacore/client/cli/tx_txin_voter.go:41.4,42.18 2 1
github.com/Meta-Protocol/metacore/x/metacore/client/cli/tx_txin_voter.go:45.4,46.18 2 1
github.com/Meta-Protocol/metacore/x/metacore/client/cli/tx_txin_voter.go:49.4,50.18 2 1
github.com/Meta-Protocol/metacore/x/metacore/client/cli/tx_txin_voter.go:53.4,54.18 2 1
github.com/Meta-Protocol/metacore/x/metacore/client/cli/tx_txin_voter.go:57.4,58.18 2 1
github.com/Meta-Protocol/metacore/x/metacore/client/cli/tx_txin_voter.go:62.4,63.18 2 1
github.com/Meta-Protocol/metacore/x/metacore/client/cli/tx_txin_voter.go:67.4,68.46 2 1
github.com/Meta-Protocol/metacore/x/metacore/client/cli/tx_txin_voter.go:71.4,71.67 1 1
github.com/Meta-Protocol/metacore/x/metacore/client/cli/tx_txin_voter.go:22.18,24.5 1 0
github.com/Meta-Protocol/metacore/x/metacore/client/cli/tx_txin_voter.go:26.18,28.5 1 0
github.com/Meta-Protocol/metacore/x/metacore/client/cli/tx_txin_voter.go:30.18,32.5 1 0
github.com/Meta-Protocol/metacore/x/metacore/client/cli/tx_txin_voter.go:34.18,36.5 1 0
github.com/Meta-Protocol/metacore/x/metacore/client/cli/tx_txin_voter.go:38.18,40.5 1 0
github.com/Meta-Protocol/metacore/x/metacore/client/cli/tx_txin_voter.go:42.18,44.5 1 0
github.com/Meta-Protocol/metacore/x/metacore/client/cli/tx_txin_voter.go:46.18,48.5 1 0
github.com/Meta-Protocol/metacore/x/metacore/client/cli/tx_txin_voter.go:50.18,52.5 1 0
github.com/Meta-Protocol/metacore/x/metacore/client/cli/tx_txin_voter.go:54.18,56.5 1 0
github.com/Meta-Protocol/metacore/x/metacore/client/cli/tx_txin_voter.go:58.18,60.5 1 0
github.com/Meta-Protocol/metacore/x/metacore/client/cli/tx_txin_voter.go:63.18,65.5 1 0
github.com/Meta-Protocol/metacore/x/metacore/client/cli/tx_txin_voter.go:68.46,70.5 1 0
github.com/Meta-Protocol/metacore/x/metacore/client/cli/query.go:17.52,38.2 7 0
github.com/Meta-Protocol/metacore/x/metacore/client/cli/query_last_meta_height.go:14.41,19.55 1 0
github.com/Meta-Protocol/metacore/x/metacore/client/cli/query_last_meta_height.go:39.2,41.12 2 0
github.com/Meta-Protocol/metacore/x/metacore/client/cli/query_last_meta_height.go:19.55,22.18 2 0
github.com/Meta-Protocol/metacore/x/metacore/client/cli/query_last_meta_height.go:26.4,31.18 4 0
github.com/Meta-Protocol/metacore/x/metacore/client/cli/query_last_meta_height.go:35.4,35.36 1 0
github.com/Meta-Protocol/metacore/x/metacore/client/cli/query_last_meta_height.go:22.18,24.5 1 0
github.com/Meta-Protocol/metacore/x/metacore/client/cli/query_last_meta_height.go:31.18,33.5 1 0
github.com/Meta-Protocol/metacore/x/metacore/client/cli/query_txin.go:12.35,16.55 1 1
github.com/Meta-Protocol/metacore/x/metacore/client/cli/query_txin.go:39.2,42.12 3 1
github.com/Meta-Protocol/metacore/x/metacore/client/cli/query_txin.go:16.55,20.18 3 1
github.com/Meta-Protocol/metacore/x/metacore/client/cli/query_txin.go:24.4,31.18 4 1
github.com/Meta-Protocol/metacore/x/metacore/client/cli/query_txin.go:35.4,35.36 1 1
github.com/Meta-Protocol/metacore/x/metacore/client/cli/query_txin.go:20.18,22.5 1 0
github.com/Meta-Protocol/metacore/x/metacore/client/cli/query_txin.go:31.18,33.5 1 0
github.com/Meta-Protocol/metacore/x/metacore/client/cli/query_txin.go:45.35,50.55 1 1
github.com/Meta-Protocol/metacore/x/metacore/client/cli/query_txin.go:68.2,70.12 2 1
github.com/Meta-Protocol/metacore/x/metacore/client/cli/query_txin.go:50.55,60.18 5 1
github.com/Meta-Protocol/metacore/x/metacore/client/cli/query_txin.go:64.4,64.36 1 1
github.com/Meta-Protocol/metacore/x/metacore/client/cli/query_txin.go:60.18,62.5 1 1
github.com/Meta-Protocol/metacore/x/metacore/client/cli/query_txin_voter.go:12.40,16.55 1 1
github.com/Meta-Protocol/metacore/x/metacore/client/cli/query_txin_voter.go:39.2,42.12 3 1
github.com/Meta-Protocol/metacore/x/metacore/client/cli/query_txin_voter.go:16.55,20.18 3 1
github.com/Meta-Protocol/metacore/x/metacore/client/cli/query_txin_voter.go:24.4,31.18 4 1
github.com/Meta-Protocol/metacore/x/metacore/client/cli/query_txin_voter.go:35.4,35.36 1 1
github.com/Meta-Protocol/metacore/x/metacore/client/cli/query_txin_voter.go:20.18,22.5 1 0
github.com/Meta-Protocol/metacore/x/metacore/client/cli/query_txin_voter.go:31.18,33.5 1 0
github.com/Meta-Protocol/metacore/x/metacore/client/cli/query_txin_voter.go:45.40,50.55 1 1
github.com/Meta-Protocol/metacore/x/metacore/client/cli/query_txin_voter.go:68.2,70.12 2 1
github.com/Meta-Protocol/metacore/x/metacore/client/cli/query_txin_voter.go:50.55,60.18 5 1
github.com/Meta-Protocol/metacore/x/metacore/client/cli/query_txin_voter.go:64.4,64.36 1 1
github.com/Meta-Protocol/metacore/x/metacore/client/cli/query_txin_voter.go:60.18,62.5 1 1
